[18:52:56] [ServerMain/INFO]: Environment: authHost='https://authserver.mojang.com', accountsHost='https://api.mojang.com', sessionHost='https://sessionserver.mojang.com', servicesHost='https://api.minecraftservices.com', name='PROD'
[18:52:58] [ServerMain/INFO]: Loaded 7 recipes
[18:52:58] [ServerMain/INFO]: Loaded 1271 advancements
[18:52:58] [Server thread/INFO]: Starting minecraft server version 1.20.1
[18:52:58] [Server thread/INFO]: Loading properties
[18:52:58] [Server thread/INFO]: Default game type: SURVIVAL
[18:52:58] [Server thread/INFO]: Generating keypair
[18:52:58] [Server console handler/ERROR]: Exception handling console input
java.io.IOException: The handle is invalid
	at java.io.FileInputStream.readBytes(Native Method) ~[?:?]
	at java.io.FileInputStream.read(FileInputStream.java:276) ~[?:?]
	at java.io.BufferedInputStream.read1(BufferedInputStream.java:282) ~[?:?]
	at java.io.BufferedInputStream.read(BufferedInputStream.java:343) ~[?:?]
	at sun.nio.cs.StreamDecoder.readBytes(StreamDecoder.java:270) ~[?:?]
	at sun.nio.cs.StreamDecoder.implRead(StreamDecoder.java:313) ~[?:?]
	at sun.nio.cs.StreamDecoder.read(StreamDecoder.java:188) ~[?:?]
	at java.io.InputStreamReader.read(InputStreamReader.java:177) ~[?:?]
	at java.io.BufferedReader.fill(BufferedReader.java:162) ~[?:?]
	at java.io.BufferedReader.readLine(BufferedReader.java:329) ~[?:?]
	at java.io.BufferedReader.readLine(BufferedReader.java:396) ~[?:?]
	at ahe$1.run(SourceFile:89) ~[server-1.20.1.jar:?]
[18:52:59] [Server thread/INFO]: Starting Minecraft server on *:25565
[18:52:59] [Server thread/INFO]: Using default channel type
[18:52:59] [Server thread/INFO]: Preparing level "world"
[18:53:00] [Server thread/INFO]: Preparing start region for dimension minecraft:overworld
[18:53:04] [Worker-Main-2/INFO]: Preparing spawn area: 0%
[18:53:04] [Worker-Main-2/INFO]: Preparing spawn area: 0%
[18:53:04] [Worker-Main-2/INFO]: Preparing spawn area: 0%
[18:53:04] [Worker-Main-2/INFO]: Preparing spawn area: 0%
[18:53:04] [Worker-Main-2/INFO]: Preparing spawn area: 0%
[18:53:04] [Worker-Main-2/INFO]: Preparing spawn area: 0%
[18:53:04] [Worker-Main-2/INFO]: Preparing spawn area: 0%
[18:53:04] [Worker-Main-2/INFO]: Preparing spawn area: 0%
[18:53:04] [Worker-Main-2/INFO]: Preparing spawn area: 0%
[18:53:05] [Worker-Main-2/INFO]: Preparing spawn area: 0%
[18:53:05] [Worker-Main-2/INFO]: Preparing spawn area: 0%
[18:53:06] [Worker-Main-2/INFO]: Preparing spawn area: 0%
[18:53:06] [Worker-Main-2/INFO]: Preparing spawn area: 0%
[18:53:07] [Worker-Main-4/INFO]: Preparing spawn area: 0%
[18:53:07] [Worker-Main-5/INFO]: Preparing spawn area: 0%
[18:53:08] [Worker-Main-2/INFO]: Preparing spawn area: 0%
[18:53:08] [Worker-Main-5/INFO]: Preparing spawn area: 1%
[18:53:09] [Worker-Main-4/INFO]: Preparing spawn area: 3%
[18:53:09] [Worker-Main-3/INFO]: Preparing spawn area: 5%
[18:53:10] [Worker-Main-4/INFO]: Preparing spawn area: 7%
[18:53:10] [Worker-Main-1/INFO]: Preparing spawn area: 10%
[18:53:11] [Worker-Main-3/INFO]: Preparing spawn area: 14%
[18:53:11] [Worker-Main-4/INFO]: Preparing spawn area: 19%
[18:53:12] [Worker-Main-1/INFO]: Preparing spawn area: 24%
[18:53:12] [Worker-Main-1/INFO]: Preparing spawn area: 29%
[18:53:13] [Worker-Main-4/INFO]: Preparing spawn area: 33%
[18:53:13] [Worker-Main-2/INFO]: Preparing spawn area: 39%
[18:53:14] [Worker-Main-4/INFO]: Preparing spawn area: 43%
[18:53:14] [Worker-Main-1/INFO]: Preparing spawn area: 48%
[18:53:15] [Worker-Main-1/INFO]: Preparing spawn area: 54%
[18:53:15] [Worker-Main-4/INFO]: Preparing spawn area: 59%
[18:53:16] [Worker-Main-5/INFO]: Preparing spawn area: 65%
[18:53:16] [Worker-Main-4/INFO]: Preparing spawn area: 70%
[18:53:17] [Worker-Main-1/INFO]: Preparing spawn area: 76%
[18:53:17] [Worker-Main-1/INFO]: Preparing spawn area: 82%
[18:53:18] [Worker-Main-1/INFO]: Preparing spawn area: 84%
[18:53:18] [Worker-Main-4/INFO]: Preparing spawn area: 86%
[18:53:19] [Worker-Main-2/INFO]: Preparing spawn area: 90%
[18:53:19] [Worker-Main-5/INFO]: Preparing spawn area: 95%
[18:53:20] [Server thread/INFO]: Time elapsed: 19497 ms
[18:53:20] [Server thread/INFO]: Done (20.855s)! For help, type "help"
[18:53:20] [Server thread/INFO]: Stopping server
[18:53:20] [Server thread/INFO]: Saving players
[18:53:20] [Server thread/INFO]: Saving worlds
[18:53:21] [Server thread/INFO]: Saving chunks for level 'ServerLevel[world]'/minecraft:overworld
[18:53:22] [Server thread/INFO]: Saving chunks for level 'ServerLevel[world]'/minecraft:the_end
[18:53:22] [Server thread/INFO]: Saving chunks for level 'ServerLevel[world]'/minecraft:the_nether
[18:53:22] [Server thread/INFO]: ThreadedAnvilChunkStorage (world): All chunks are saved
[18:53:22] [Server thread/INFO]: ThreadedAnvilChunkStorage (DIM1): All chunks are saved
[18:53:22] [Server thread/INFO]: ThreadedAnvilChunkStorage (DIM-1): All chunks are saved
[18:53:22] [Server thread/INFO]: ThreadedAnvilChunkStorage: All dimensions are saved
